<?xml version="1.0" encoding="UTF-8"?>
<testsuite name="MyTest" tests="1" skipped="0" failures="0" errors="0" timestamp="2020-08-12T03:09:40" hostname="LAB-N1156.local" time="0.109">
  <properties/>
  <testcase name="testJacoco()" classname="MyTest" time="0.109"/>
  <system-out><![CDATA[]]></system-out>
  <system-err><![CDATA[]]></system-err>
</testsuite>
